Base path: /home/kim/Unity-2018.2.7f1/Editor/Data
Cmd: initializeCompiler
Cmd: compileComputeKernel
  api=18 insize=1435 outsize=12965 ok=1
Cmd: compileComputeKernel
  api=15 insize=3273 outsize=3869 ok=1
Cmd: compileComputeKernel
  api=18 insize=3273 outsize=15105 ok=1
Cmd: compileComputeKernel
  api=18 insize=3273 outsize=8653 ok=1
Cmd: compileComputeKernel
  api=15 insize=1526 outsize=1029 ok=1
Cmd: compileComputeKernel
  api=15 insize=2343 outsize=5213 ok=1
Cmd: initializeCompiler
Cmd: initializeCompiler
Cmd: initializeCompiler
Cmd: initializeCompiler
Cmd: initializeCompiler
Cmd: initializeCompiler
Cmd: initializeCompiler
Cmd: initializeCompiler
Cmd: initializeCompiler
Cmd: initializeCompiler
Cmd: initializeCompiler
Cmd: initializeCompiler
Cmd: initializeCompiler
Cmd: initializeCompiler
Cmd: initializeCompiler
Cmd: initializeCompiler
Cmd: initializeCompiler
Cmd: initializeCompiler
Cmd: initializeCompiler
Cmd: initializeCompiler
Cmd: initializeCompiler
Cmd: initializeCompiler
Cmd: initializeCompiler
Cmd: initializeCompiler
Cmd: initializeCompiler

Quitting shader compiler process
